c:\users\dlrbr\source\repos\pikuma\2dphysics\2dphysics\x64\debug\vc143.pdb
c:\users\dlrbr\source\repos\pikuma\2dphysics\2dphysics\x64\debug\vc143.idb
c:\users\dlrbr\source\repos\pikuma\2dphysics\2dphysics\x64\debug\sdl2_rotozoom.obj
c:\users\dlrbr\source\repos\pikuma\2dphysics\2dphysics\x64\debug\sdl2_imagefilter.obj
c:\users\dlrbr\source\repos\pikuma\2dphysics\2dphysics\x64\debug\sdl2_gfxprimitives.obj
c:\users\dlrbr\source\repos\pikuma\2dphysics\2dphysics\x64\debug\vec2.obj
c:\users\dlrbr\source\repos\pikuma\2dphysics\2dphysics\x64\debug\particle.obj
c:\users\dlrbr\source\repos\pikuma\2dphysics\2dphysics\x64\debug\main.obj
c:\users\dlrbr\source\repos\pikuma\2dphysics\2dphysics\x64\debug\graphics.obj
c:\users\dlrbr\source\repos\pikuma\2dphysics\2dphysics\x64\debug\application.obj
c:\users\dlrbr\source\repos\pikuma\2dphysics\x64\debug\2dphysics.pdb
c:\users\dlrbr\source\repos\pikuma\2dphysics\2dphysics\x64\debug\2dphysics.tlog\cl.command.1.tlog
c:\users\dlrbr\source\repos\pikuma\2dphysics\2dphysics\x64\debug\2dphysics.tlog\cl.read.1.tlog
c:\users\dlrbr\source\repos\pikuma\2dphysics\2dphysics\x64\debug\2dphysics.tlog\cl.write.1.tlog
c:\users\dlrbr\source\repos\pikuma\2dphysics\2dphysics\x64\debug\2dphysics.tlog\link-cvtres.read.1.tlog
c:\users\dlrbr\source\repos\pikuma\2dphysics\2dphysics\x64\debug\2dphysics.tlog\link-cvtres.write.1.tlog
c:\users\dlrbr\source\repos\pikuma\2dphysics\2dphysics\x64\debug\2dphysics.tlog\link-rc.read.1.tlog
c:\users\dlrbr\source\repos\pikuma\2dphysics\2dphysics\x64\debug\2dphysics.tlog\link-rc.write.1.tlog
c:\users\dlrbr\source\repos\pikuma\2dphysics\2dphysics\x64\debug\2dphysics.tlog\link.command.1.tlog
c:\users\dlrbr\source\repos\pikuma\2dphysics\2dphysics\x64\debug\2dphysics.tlog\link.read.1.tlog
c:\users\dlrbr\source\repos\pikuma\2dphysics\2dphysics\x64\debug\2dphysics.tlog\link.read.2.tlog
c:\users\dlrbr\source\repos\pikuma\2dphysics\2dphysics\x64\debug\2dphysics.tlog\link.read.3.tlog
c:\users\dlrbr\source\repos\pikuma\2dphysics\2dphysics\x64\debug\2dphysics.tlog\link.read.4.tlog
c:\users\dlrbr\source\repos\pikuma\2dphysics\2dphysics\x64\debug\2dphysics.tlog\link.write.1.tlog
